{
  "stats": {
    "suites": 2,
    "tests": 3,
    "passes": 2,
    "pending": 0,
    "failures": 1,
    "start": "2024-01-22T20:54:11.245Z",
    "end": "2024-01-22T20:54:24.652Z",
    "duration": 13407,
    "testsRegistered": 3,
    "passPercent": 66.66666666666666,
    "pendingPercent": 0,
    "other": 0,
    "hasOther": false,
    "skipped": 0,
    "hasSkipped": false
  },
  "results": [
    {
      "uuid": "35271b30-cb5f-404d-9347-a1485d3e4778",
      "title": "",
      "fullFile": "",
      "file": "",
      "beforeHooks": [],
      "afterHooks": [],
      "tests": [],
      "suites": [
        {
          "uuid": "c10c9ef2-49d4-4d22-8ea6-d755af931afe",
          "title": "Funcionalidade - Adicionar Tarefa",
          "fullFile": "C:\\Users\\herzi\\Desktop\\AulaSeleniumT5\\test\\secondTest.js",
          "file": "\\test\\secondTest.js",
          "beforeHooks": [],
          "afterHooks": [],
          "tests": [
            {
              "title": "TC01 - Criar uma tarefa",
              "fullTitle": "Funcionalidade - Adicionar Tarefa TC01 - Criar uma tarefa",
              "timedOut": null,
              "duration": 7107,
              "state": "passed",
              "speed": "slow",
              "pass": true,
              "fail": false,
              "pending": false,
              "context": null,
              "code": "// Abrir o navegador\nlet driver = await new Builder().forBrowser(\"firefox\").build();\n\n// Navegar até o site\nawait driver.get('https://herziopinto.github.io/lista-de-tarefas/')\n\n// Adicionar a tarefa - encontrar o elemento, digita o texto, apertar enter\nawait driver.findElement(By.id(\"inputTask\")).sendKeys(\"Aprender Selenium\", Key.RETURN)\n\n// Assertion / Validação\nlet seleniumText = await driver.findElement(By.xpath(\"/html/body/div/section/ul/li[1]\")).getText()\n.then(function(value){\n    return value\n});\n\nseleniumText.should.equal(\"Aprender Selenium\")\n\n// Fechar o navegador\nawait driver.quit()",
              "err": {},
              "uuid": "ef0aa442-dce2-4693-9e09-43486e1add96",
              "parentUUID": null,
              "isHook": false,
              "skipped": false
            }
          ],
          "suites": [],
          "passes": [
            "ef0aa442-dce2-4693-9e09-43486e1add96"
          ],
          "failures": [],
          "pending": [],
          "skipped": [],
          "duration": 7107,
          "root": false,
          "rootEmpty": false,
          "_timeout": null
        },
        {
          "uuid": "4a3ff7de-c44c-4604-832e-58890a9d5d7e",
          "title": "Funcionalidade - Adicionar Tarefa",
          "fullFile": "C:\\Users\\herzi\\Desktop\\AulaSeleniumT5\\test\\firstTest.js",
          "file": "\\test\\firstTest.js",
          "beforeHooks": [],
          "afterHooks": [],
          "tests": [
            {
              "title": "TC01 - Criar uma tarefa",
              "fullTitle": "Funcionalidade - Adicionar Tarefa TC01 - Criar uma tarefa",
              "timedOut": null,
              "duration": 7625,
              "state": "passed",
              "speed": "slow",
              "pass": true,
              "fail": false,
              "pending": false,
              "context": null,
              "code": "// Abrir o navegador\nlet driver = await new Builder().forBrowser(\"firefox\").build();\n\n// Navegar até o site\nawait driver.get('https://herziopinto.github.io/lista-de-tarefas/')\n\n// Adicionar a tarefa - encontrar o elemento, digita o texto, apertar enter\nawait driver.findElement(By.id(\"inputTask\")).sendKeys(\"Aprender Selenium\", Key.RETURN)\n\n// Assertion / Validação\nlet seleniumText = await driver.findElement(By.xpath(\"/html/body/div/section/ul/li[1]\")).getText()\n.then(function(value){\n    return value\n});\n\nseleniumText.should.equal(\"Aprender Selenium\")\n\n// Fechar o navegador\nawait driver.quit()",
              "err": {},
              "uuid": "ea5de882-65ee-48bd-bd6b-bef961a2efbe",
              "parentUUID": null,
              "isHook": false,
              "skipped": false
            },
            {
              "title": "TC02 - Criar uma tarefa errada",
              "fullTitle": "Funcionalidade - Adicionar Tarefa TC02 - Criar uma tarefa errada",
              "timedOut": null,
              "duration": 5116,
              "state": "failed",
              "speed": null,
              "pass": false,
              "fail": true,
              "pending": false,
              "context": null,
              "code": "// Abrir o navegador\nlet driver = await new Builder().forBrowser(\"firefox\").build();\n\n// Navegar até o site\nawait driver.get('https://herziopinto.github.io/lista-de-tarefas/')\n\n// Adicionar a tarefa - encontrar o elemento, digita o texto, apertar enter\nawait driver.findElement(By.id(\"inputTask\")).sendKeys(\"Aprender Selenium\", Key.RETURN)\n\n// Assertion / Validação\nlet seleniumText = await driver.findElement(By.xpath(\"/html/body/div/section/ul/li[1]\")).getText()\n.then(function(value){\n    return value\n});\n\nseleniumText.should.equal(\"Aprender Javascript\")\n\n// Fechar o navegador\nawait driver.quit()",
              "err": {
                "message": "AssertionError: expected 'Aprender Selenium' to equal 'Aprender Javascript'",
                "estack": "AssertionError: expected 'Aprender Selenium' to equal 'Aprender Javascript'\n    at Context.<anonymous> (file:///C:/Users/herzi/Desktop/AulaSeleniumT5/test/firstTest.js:46:29)\n    at process.processTicksAndRejections (node:internal/process/task_queues:95:5)",
                "diff": "- Aprender Selenium\n+ Aprender Javascript\n"
              },
              "uuid": "44b0fab4-58cc-418c-b72c-6c714f616338",
              "parentUUID": null,
              "isHook": false,
              "skipped": false
            }
          ],
          "suites": [],
          "passes": [
            "ea5de882-65ee-48bd-bd6b-bef961a2efbe"
          ],
          "failures": [
            "44b0fab4-58cc-418c-b72c-6c714f616338"
          ],
          "pending": [],
          "skipped": [],
          "duration": 12741,
          "root": false,
          "rootEmpty": false,
          "_timeout": null
        }
      ],
      "passes": [],
      "failures": [],
      "pending": [],
      "skipped": [],
      "duration": 0,
      "root": true,
      "rootEmpty": true,
      "_timeout": 0
    }
  ],
  "meta": {
    "mocha": {
      "version": "10.2.0"
    },
    "mochawesome": {
      "options": {
        "quiet": false,
        "reportFilename": "mochawesome",
        "saveHtml": true,
        "saveJson": true,
        "consoleReporter": "spec",
        "useInlineDiffs": false,
        "code": true
      },
      "version": "7.1.3"
    },
    "marge": {
      "options": null,
      "version": "6.2.0"
    }
  }
}